<?xml version="1.0" encoding="UTF-8"?>
<!-- Generated by org.testng.reporters.JUnitXMLReporter -->
<testsuite hostname="INSP15R-BASIL" name="HomePage25.java" tests="5" failures="0" timestamp="27 Aug 2014 17:36:13 GMT" time="41.308" errors="0">
  <testcase name="C62191b" time="5.562" classname="mixpanel.HomePage25"/>
  <testcase name="C62191c" time="6.622" classname="mixpanel.HomePage25"/>
  <testcase name="C62191d" time="1.57" classname="mixpanel.HomePage25"/>
  <testcase name="C62191e" time="5.206" classname="mixpanel.HomePage25"/>
  <testcase name="C62191f" time="11.906" classname="mixpanel.HomePage25"/>
</testsuite> <!-- HomePage25.java -->
