<?xml version="1.0" encoding="UTF-8"?>
<!-- Generated by org.testng.reporters.JUnitXMLReporter -->
<testsuite hostname="INSP15R-BASIL" name="HomePage6.java" tests="5" failures="0" timestamp="27 Aug 2014 17:27:15 GMT" time="38.705" errors="0">
  <testcase name="C62191b" time="6.407" classname="mixpanel.HomePage6"/>
  <testcase name="C62191c" time="5.704" classname="mixpanel.HomePage6"/>
  <testcase name="C62191d" time="1.54" classname="mixpanel.HomePage6"/>
  <testcase name="C62191e" time="5.632" classname="mixpanel.HomePage6"/>
  <testcase name="C62191f" time="5.46" classname="mixpanel.HomePage6"/>
</testsuite> <!-- HomePage6.java -->
