<?xml version="1.0" encoding="UTF-8"?>
<!-- Generated by org.testng.reporters.JUnitXMLReporter -->
<testsuite hostname="INSP15R-BASIL" name="HomePage5.java" tests="5" failures="0" timestamp="27 Aug 2014 17:26:36 GMT" time="38.809" errors="0">
  <testcase name="C62191b" time="6.286" classname="mixpanel.HomePage5"/>
  <testcase name="C62191c" time="6.178" classname="mixpanel.HomePage5"/>
  <testcase name="C62191d" time="1.795" classname="mixpanel.HomePage5"/>
  <testcase name="C62191e" time="5.353" classname="mixpanel.HomePage5"/>
  <testcase name="C62191f" time="6.361" classname="mixpanel.HomePage5"/>
</testsuite> <!-- HomePage5.java -->
