<?xml version="1.0" encoding="UTF-8"?>
<!-- Generated by org.testng.reporters.JUnitXMLReporter -->
<testsuite hostname="INSP15R-BASIL" name="HomePage.java" tests="5" failures="0" timestamp="27 Aug 2014 17:23:58 GMT" time="38.672" errors="0">
  <testcase name="C62191b" time="5.228" classname="mixpanel.HomePage"/>
  <testcase name="C62191c" time="5.934" classname="mixpanel.HomePage"/>
  <testcase name="C62191d" time="1.561" classname="mixpanel.HomePage"/>
  <testcase name="C62191e" time="5.381" classname="mixpanel.HomePage"/>
  <testcase name="C62191f" time="5.77" classname="mixpanel.HomePage"/>
</testsuite> <!-- HomePage.java -->
